<?xml version="1.0" encoding="UTF-8"?>
<robot generator="Robot 7.0.1 (Python 3.12.4 on win32)" generated="2024-07-21T09:50:22.643468" rpa="false" schemaversion="5">
<suite id="s1" name="Click" source="C:\QAx\projects\yodapp-robot\tests\click.robot">
<test id="s1-t1" name="Deve realizar um clique simples" line="11">
<kw name="Open Application" owner="AppiumLibrary">
<arg>http://localhost:4723</arg>
<arg>platformName=Android</arg>
<arg>deviceName=Android Emulator</arg>
<arg>automationName=UIAutomator2</arg>
<arg>app=${EXECDIR}/app/yodapp-beta.apk</arg>
<arg>udid=emulator-5554</arg>
<arg>autoGrantPermissions=true</arg>
<doc>Opens a new application to given Appium server.
Capabilities of appium server, Android and iOS,
Please check https://appium.io/docs/en/2.1/cli/args/
| *Option*            | *Man.* | *Description*     |
| remote_url          | Yes    | Appium server url |
| alias               | no     | alias             |
| strict_ssl          | No     | allows you to send commands to an invalid certificate host like a self-signed one. |</doc>
<status status="PASS" start="2024-07-21T09:50:22.923759" elapsed="10.939464"/>
</kw>
<kw name="Wait Until Page Contains" owner="AppiumLibrary">
<arg>${START}</arg>
<arg>5</arg>
<doc>Waits until `text` appears on current page.</doc>
<status status="PASS" start="2024-07-21T09:50:33.863733" elapsed="5.237933"/>
</kw>
<kw name="Click Text" owner="AppiumLibrary">
<msg time="2024-07-21T09:50:39.737059" level="INFO">xpath criteria: //*[contains(@text,"QAX")]</msg>
<arg>${START}</arg>
<doc>Click text identified by ``text``.</doc>
<status status="PASS" start="2024-07-21T09:50:39.102636" elapsed="0.634423"/>
</kw>
<kw name="Sleep" owner="BuiltIn">
<msg time="2024-07-21T09:50:44.737329" level="INFO">Slept 5 seconds.</msg>
<arg>5</arg>
<doc>Pauses the test executed for the given time.</doc>
<status status="PASS" start="2024-07-21T09:50:39.737059" elapsed="5.000270"/>
</kw>
<kw name="Close Application" owner="AppiumLibrary">
<doc>Closes the current application and also close webdriver session.</doc>
<status status="PASS" start="2024-07-21T09:50:44.737329" elapsed="0.485343"/>
</kw>
<status status="PASS" start="2024-07-21T09:50:22.921344" elapsed="22.302855"/>
</test>
<status status="PASS" start="2024-07-21T09:50:22.645474" elapsed="22.579735"/>
</suite>
<statistics>
<total>
<stat pass="1" fail="0" skip="0">All Tests</stat>
</total>
<tag>
</tag>
<suite>
<stat pass="1" fail="0" skip="0" id="s1" name="Click">Click</stat>
</suite>
</statistics>
<errors>
</errors>
</robot>
