<?xml version="1.0" encoding="UTF-8"?>
<robot generator="Robot 7.0.1 (Python 3.12.4 on win32)" generated="2024-07-19T14:47:02.294566" rpa="false" schemaversion="5">
<suite id="s1" name="Home" source="C:\QAx\projects\yodapp-robot\tests\home.robot">
<test id="s1-t1" name="Deve abrir a tela principal" line="8">
<kw name="Open Application" owner="AppiumLibrary">
<arg>http://localhost:4723</arg>
<arg>platformName=Android</arg>
<arg>deviceName=Android Emulator</arg>
<arg>automationName=UIAutomator2</arg>
<arg>app=${EXECDIR}/app/yodapp-beta.apk</arg>
<arg>udid=emulator-5554</arg>
<arg>autoGrantPermissions=true</arg>
<doc>Opens a new application to given Appium server.
Capabilities of appium server, Android and iOS,
Please check https://appium.io/docs/en/2.1/cli/args/
| *Option*            | *Man.* | *Description*     |
| remote_url          | Yes    | Appium server url |
| alias               | no     | alias             |
| strict_ssl          | No     | allows you to send commands to an invalid certificate host like a self-signed one. |</doc>
<status status="PASS" start="2024-07-19T14:47:02.754709" elapsed="11.212284"/>
</kw>
<kw name="Wait Until Page Contains" owner="AppiumLibrary">
<arg>Yodapp</arg>
<doc>Waits until `text` appears on current page.</doc>
<status status="PASS" start="2024-07-19T14:47:13.966993" elapsed="5.422693"/>
</kw>
<kw name="Wait Until Page Contains" owner="AppiumLibrary">
<arg>Mobile Training</arg>
<doc>Waits until `text` appears on current page.</doc>
<status status="PASS" start="2024-07-19T14:47:19.389686" elapsed="0.027171"/>
</kw>
<kw name="Wait Until Page Contains" owner="AppiumLibrary">
<arg>by Papito</arg>
<doc>Waits until `text` appears on current page.</doc>
<status status="PASS" start="2024-07-19T14:47:19.417856" elapsed="0.031268"/>
</kw>
<kw name="Close Application" owner="AppiumLibrary">
<doc>Closes the current application and also close webdriver session.</doc>
<status status="PASS" start="2024-07-19T14:47:19.449124" elapsed="0.528861"/>
</kw>
<status status="PASS" start="2024-07-19T14:47:02.753711" elapsed="17.225279"/>
</test>
<status status="PASS" start="2024-07-19T14:47:02.295570" elapsed="17.685510"/>
</suite>
<statistics>
<total>
<stat pass="1" fail="0" skip="0">All Tests</stat>
</total>
<tag>
</tag>
<suite>
<stat pass="1" fail="0" skip="0" id="s1" name="Home">Home</stat>
</suite>
</statistics>
<errors>
</errors>
</robot>
