<?xml version="1.0" encoding="UTF-8"?>
<robot generator="Robot 7.0.1 (Python 3.12.4 on win32)" generated="2024-07-21T09:34:49.692987" rpa="false" schemaversion="5">
<suite id="s1" name="Yodapp-Robot" source="C:\QAx\projects\yodapp-robot">
<suite id="s1-s1" name="Tests" source="C:\QAx\projects\yodapp-robot\tests">
<suite id="s1-s1-s1" name="Home" source="C:\QAx\projects\yodapp-robot\tests\home.robot">
<test id="s1-s1-s1-t1" name="Deve abrir a tela principal" line="8">
<kw name="Open Application" owner="AppiumLibrary">
<arg>http://localhost:4723</arg>
<arg>platformName=Android</arg>
<arg>deviceName=Android Emulator</arg>
<arg>automationName=UIAutomator2</arg>
<arg>app=${EXECDIR}/app/yodapp-beta.apk</arg>
<arg>udid=emulator-5554</arg>
<arg>autoGrantPermissions=true</arg>
<doc>Opens a new application to given Appium server.
Capabilities of appium server, Android and iOS,
Please check https://appium.io/docs/en/2.1/cli/args/
| *Option*            | *Man.* | *Description*     |
| remote_url          | Yes    | Appium server url |
| alias               | no     | alias             |
| strict_ssl          | No     | allows you to send commands to an invalid certificate host like a self-signed one. |</doc>
<status status="PASS" start="2024-07-21T09:34:50.078128" elapsed="16.463802"/>
</kw>
<kw name="Wait Until Page Contains" owner="AppiumLibrary">
<arg>Yodapp</arg>
<doc>Waits until `text` appears on current page.</doc>
<status status="PASS" start="2024-07-21T09:35:06.541930" elapsed="5.490091"/>
</kw>
<kw name="Wait Until Page Contains" owner="AppiumLibrary">
<arg>Mobile Training</arg>
<doc>Waits until `text` appears on current page.</doc>
<status status="PASS" start="2024-07-21T09:35:12.033028" elapsed="0.059094"/>
</kw>
<kw name="Wait Until Page Contains" owner="AppiumLibrary">
<arg>by Papito</arg>
<doc>Waits until `text` appears on current page.</doc>
<status status="PASS" start="2024-07-21T09:35:12.093237" elapsed="0.043576"/>
</kw>
<kw name="Close Application" owner="AppiumLibrary">
<doc>Closes the current application and also close webdriver session.</doc>
<status status="PASS" start="2024-07-21T09:35:12.137817" elapsed="0.649878"/>
</kw>
<status status="PASS" start="2024-07-21T09:34:50.077124" elapsed="22.711567"/>
</test>
<status status="PASS" start="2024-07-21T09:34:49.791092" elapsed="22.999638"/>
</suite>
<status status="PASS" start="2024-07-21T09:34:49.788029" elapsed="23.004734"/>
</suite>
<status status="PASS" start="2024-07-21T09:34:49.767887" elapsed="23.026879"/>
</suite>
<statistics>
<total>
<stat pass="1" fail="0" skip="0">All Tests</stat>
</total>
<tag>
</tag>
<suite>
<stat pass="1" fail="0" skip="0" id="s1" name="Yodapp-Robot">Yodapp-Robot</stat>
<stat pass="1" fail="0" skip="0" id="s1-s1" name="Tests">Yodapp-Robot.Tests</stat>
<stat pass="1" fail="0" skip="0" id="s1-s1-s1" name="Home">Yodapp-Robot.Tests.Home</stat>
</suite>
</statistics>
<errors>
</errors>
</robot>
